<?xml version="1.0" encoding="UTF-8"?>
<coverage generated="1663661944050" clover="3.2.0">
  <project timestamp="1663661944050" name="All files">
    <metrics statements="31" coveredstatements="26" conditionals="12" coveredconditionals="9" methods="12" coveredmethods="9" elements="55" coveredelements="44" complexity="0" loc="31" ncloc="31" packages="2" files="5" classes="5"/>
    <package name="src">
      <metrics statements="26" coveredstatements="22" conditionals="10" coveredconditionals="8" methods="8" coveredmethods="6"/>
      <file name="App.js" path="/Users/harkumbh1/Documents/rnworkspace/breweries/src/App.js">
        <metrics statements="2" coveredstatements="2" conditionals="0" coveredconditionals="0" methods="1" coveredmethods="1"/>
        <line num="9" count="2" type="stmt"/>
        <line num="12" count="1" type="stmt"/>
      </file>
      <file name="BreweriesDetails.js" path="/Users/harkumbh1/Documents/rnworkspace/breweries/src/BreweriesDetails.js">
        <metrics statements="3" coveredstatements="3" conditionals="4" coveredconditionals="4" methods="2" coveredmethods="2"/>
        <line num="15" count="1" type="stmt"/>
        <line num="16" count="1" type="stmt"/>
        <line num="22" count="17" type="stmt"/>
      </file>
      <file name="BreweriesHome.js" path="/Users/harkumbh1/Documents/rnworkspace/breweries/src/BreweriesHome.js">
        <metrics statements="20" coveredstatements="16" conditionals="6" coveredconditionals="4" methods="5" coveredmethods="3"/>
        <line num="18" count="6" type="stmt"/>
        <line num="19" count="6" type="stmt"/>
        <line num="20" count="6" type="stmt"/>
        <line num="22" count="6" type="stmt"/>
        <line num="23" count="3" type="stmt"/>
        <line num="24" count="3" type="stmt"/>
        <line num="25" count="3" type="stmt"/>
        <line num="26" count="3" type="cond" truecount="1" falsecount="1"/>
        <line num="27" count="0" type="stmt"/>
        <line num="29" count="3" type="stmt"/>
        <line num="30" count="3" type="stmt"/>
        <line num="31" count="2" type="stmt"/>
        <line num="32" count="0" type="stmt"/>
        <line num="34" count="3" type="stmt"/>
        <line num="36" count="3" type="stmt"/>
        <line num="40" count="6" type="stmt"/>
        <line num="41" count="3" type="stmt"/>
        <line num="44" count="6" type="stmt"/>
        <line num="52" count="0" type="stmt"/>
        <line num="60" count="0" type="stmt"/>
      </file>
      <file name="CustomStyle.js" path="/Users/harkumbh1/Documents/rnworkspace/breweries/src/CustomStyle.js">
        <metrics statements="1" coveredstatements="1" conditionals="0" coveredconditionals="0" methods="0" coveredmethods="0"/>
        <line num="3" count="4" type="stmt"/>
      </file>
    </package>
    <package name="src.componants">
      <metrics statements="5" coveredstatements="4" conditionals="2" coveredconditionals="1" methods="4" coveredmethods="3"/>
      <file name="BreweriesFlatList.js" path="/Users/harkumbh1/Documents/rnworkspace/breweries/src/componants/BreweriesFlatList.js">
        <metrics statements="5" coveredstatements="4" conditionals="2" coveredconditionals="1" methods="4" coveredmethods="3"/>
        <line num="6" count="3" type="stmt"/>
        <line num="7" count="2" type="stmt"/>
        <line num="10" count="2" type="stmt"/>
        <line num="12" count="2" type="stmt"/>
        <line num="14" count="0" type="stmt"/>
      </file>
    </package>
  </project>
</coverage>
