{"/Users/harkumbh1/Documents/rnworkspace/breweries/src/App.js": {"path":"/Users/harkumbh1/Documents/rnworkspace/breweries/src/App.js","statementMap":{"0":{"start":{"line":9,"column":14},"end":{"line":9,"column":42}},"1":{"start":{"line":12,"column":2},"end":{"line":34,"column":4}}},"fnMap":{"0":{"name":"App","decl":{"start":{"line":11,"column":9},"end":{"line":11,"column":12}},"loc":{"start":{"line":11,"column":15},"end":{"line":35,"column":1}},"line":11}},"branchMap":{},"s":{"0":2,"1":1},"f":{"0":1},"b":{},"_coverageSchema":"1a1c01bbd47fc00a2c39e90264f33305004495a9","hash":"038b9518a491ff1150706f5a39c0a7bd205a23fc"}
,"/Users/harkumbh1/Documents/rnworkspace/breweries/src/BreweriesDetails.js": {"path":"/Users/harkumbh1/Documents/rnworkspace/breweries/src/BreweriesDetails.js","statementMap":{"0":{"start":{"line":15,"column":26},"end":{"line":15,"column":44}},"1":{"start":{"line":16,"column":2},"end":{"line":42,"column":4}},"2":{"start":{"line":22,"column":14},"end":{"line":36,"column":16}}},"fnMap":{"0":{"name":"(anonymous_0)","decl":{"start":{"line":14,"column":34},"end":{"line":14,"column":35}},"loc":{"start":{"line":14,"column":43},"end":{"line":43,"column":1}},"line":14},"1":{"name":"(anonymous_1)","decl":{"start":{"line":21,"column":44},"end":{"line":21,"column":45}},"loc":{"start":{"line":21,"column":60},"end":{"line":37,"column":13}},"line":21}},"branchMap":{"0":{"loc":{"start":{"line":27,"column":38},"end":{"line":27,"column":71}},"type":"cond-expr","locations":[{"start":{"line":27,"column":55},"end":{"line":27,"column":61}},{"start":{"line":27,"column":64},"end":{"line":27,"column":71}}],"line":27},"1":{"loc":{"start":{"line":32,"column":26},"end":{"line":32,"column":51}},"type":"binary-expr","locations":[{"start":{"line":32,"column":26},"end":{"line":32,"column":44}},{"start":{"line":32,"column":48},"end":{"line":32,"column":51}}],"line":32}},"s":{"0":1,"1":1,"2":17},"f":{"0":1,"1":17},"b":{"0":[9,8],"1":[17,5]},"_coverageSchema":"1a1c01bbd47fc00a2c39e90264f33305004495a9","hash":"85be5e9b68583fd7ffa50cb67d6a218848bb6ab1"}
,"/Users/harkumbh1/Documents/rnworkspace/breweries/src/BreweriesHome.js": {"path":"/Users/harkumbh1/Documents/rnworkspace/breweries/src/BreweriesHome.js","statementMap":{"0":{"start":{"line":18,"column":34},"end":{"line":18,"column":48}},"1":{"start":{"line":19,"column":26},"end":{"line":19,"column":38}},"2":{"start":{"line":20,"column":44},"end":{"line":20,"column":56}},"3":{"start":{"line":22,"column":23},"end":{"line":38,"column":3}},"4":{"start":{"line":23,"column":4},"end":{"line":37,"column":5}},"5":{"start":{"line":24,"column":6},"end":{"line":24,"column":23}},"6":{"start":{"line":25,"column":25},"end":{"line":25,"column":66}},"7":{"start":{"line":26,"column":6},"end":{"line":28,"column":7}},"8":{"start":{"line":27,"column":8},"end":{"line":27,"column":52}},"9":{"start":{"line":29,"column":6},"end":{"line":29,"column":32}},"10":{"start":{"line":30,"column":23},"end":{"line":30,"column":48}},"11":{"start":{"line":31,"column":19},"end":{"line":31,"column":40}},"12":{"start":{"line":32,"column":6},"end":{"line":32,"column":20}},"13":{"start":{"line":34,"column":6},"end":{"line":34,"column":27}},"14":{"start":{"line":36,"column":6},"end":{"line":36,"column":24}},"15":{"start":{"line":40,"column":2},"end":{"line":42,"column":9}},"16":{"start":{"line":41,"column":4},"end":{"line":41,"column":19}},"17":{"start":{"line":44,"column":2},"end":{"line":80,"column":4}},"18":{"start":{"line":52,"column":14},"end":{"line":52,"column":37}},"19":{"start":{"line":60,"column":14},"end":{"line":60,"column":29}}},"fnMap":{"0":{"name":"(anonymous_0)","decl":{"start":{"line":17,"column":31},"end":{"line":17,"column":32}},"loc":{"start":{"line":17,"column":49},"end":{"line":81,"column":1}},"line":17},"1":{"name":"(anonymous_1)","decl":{"start":{"line":22,"column":23},"end":{"line":22,"column":24}},"loc":{"start":{"line":22,"column":35},"end":{"line":38,"column":3}},"line":22},"2":{"name":"(anonymous_2)","decl":{"start":{"line":40,"column":12},"end":{"line":40,"column":13}},"loc":{"start":{"line":40,"column":18},"end":{"line":42,"column":3}},"line":40},"3":{"name":"(anonymous_3)","decl":{"start":{"line":51,"column":26},"end":{"line":51,"column":27}},"loc":{"start":{"line":51,"column":34},"end":{"line":53,"column":13}},"line":51},"4":{"name":"(anonymous_4)","decl":{"start":{"line":59,"column":21},"end":{"line":59,"column":22}},"loc":{"start":{"line":59,"column":27},"end":{"line":61,"column":13}},"line":59}},"branchMap":{"0":{"loc":{"start":{"line":26,"column":6},"end":{"line":28,"column":7}},"type":"if","locations":[{"start":{"line":26,"column":6},"end":{"line":28,"column":7}},{"start":{},"end":{}}],"line":26},"1":{"loc":{"start":{"line":68,"column":9},"end":{"line":77,"column":9}},"type":"cond-expr","locations":[{"start":{"line":69,"column":10},"end":{"line":69,"column":31}},{"start":{"line":70,"column":12},"end":{"line":77,"column":9}}],"line":68},"2":{"loc":{"start":{"line":70,"column":12},"end":{"line":77,"column":9}},"type":"cond-expr","locations":[{"start":{"line":71,"column":10},"end":{"line":74,"column":17}},{"start":{"line":76,"column":10},"end":{"line":76,"column":67}}],"line":70}},"s":{"0":6,"1":6,"2":6,"3":6,"4":3,"5":3,"6":3,"7":3,"8":0,"9":3,"10":3,"11":2,"12":0,"13":3,"14":3,"15":6,"16":3,"17":6,"18":0,"19":0},"f":{"0":6,"1":3,"2":3,"3":0,"4":0},"b":{"0":[0,3],"1":[3,3],"2":[3,0]},"_coverageSchema":"1a1c01bbd47fc00a2c39e90264f33305004495a9","hash":"661d25780b20893d35b23a922f72423bf3d483f9"}
,"/Users/harkumbh1/Documents/rnworkspace/breweries/src/CustomStyle.js": {"path":"/Users/harkumbh1/Documents/rnworkspace/breweries/src/CustomStyle.js","statementMap":{"0":{"start":{"line":3,"column":20},"end":{"line":50,"column":2}}},"fnMap":{},"branchMap":{},"s":{"0":4},"f":{},"b":{},"_coverageSchema":"1a1c01bbd47fc00a2c39e90264f33305004495a9","hash":"7599f00984cc3c085ab5f28f634398c4dbcd74ec"}
,"/Users/harkumbh1/Documents/rnworkspace/breweries/src/componants/BreweriesFlatList.js": {"path":"/Users/harkumbh1/Documents/rnworkspace/breweries/src/componants/BreweriesFlatList.js","statementMap":{"0":{"start":{"line":11,"column":26},"end":{"line":45,"column":1}},"1":{"start":{"line":12,"column":2},"end":{"line":44,"column":4}},"2":{"start":{"line":15,"column":35},"end":{"line":15,"column":40}},"3":{"start":{"line":17,"column":6},"end":{"line":41,"column":25}},"4":{"start":{"line":19,"column":12},"end":{"line":21,"column":12}}},"fnMap":{"0":{"name":"(anonymous_0)","decl":{"start":{"line":11,"column":26},"end":{"line":11,"column":27}},"loc":{"start":{"line":11,"column":37},"end":{"line":45,"column":1}},"line":11},"1":{"name":"(anonymous_1)","decl":{"start":{"line":15,"column":18},"end":{"line":15,"column":19}},"loc":{"start":{"line":15,"column":35},"end":{"line":15,"column":40}},"line":15},"2":{"name":"(anonymous_2)","decl":{"start":{"line":16,"column":16},"end":{"line":16,"column":17}},"loc":{"start":{"line":17,"column":6},"end":{"line":41,"column":25}},"line":17},"3":{"name":"(anonymous_3)","decl":{"start":{"line":18,"column":17},"end":{"line":18,"column":18}},"loc":{"start":{"line":19,"column":12},"end":{"line":21,"column":12}},"line":19}},"branchMap":{"0":{"loc":{"start":{"line":26,"column":30},"end":{"line":26,"column":63}},"type":"cond-expr","locations":[{"start":{"line":26,"column":47},"end":{"line":26,"column":53}},{"start":{"line":26,"column":56},"end":{"line":26,"column":63}}],"line":26}},"s":{"0":3,"1":2,"2":2,"3":2,"4":0},"f":{"0":2,"1":2,"2":2,"3":0},"b":{"0":[2,0]},"_coverageSchema":"1a1c01bbd47fc00a2c39e90264f33305004495a9","hash":"1c6344db674b1d18c56a8db96182c4559c89ced2"}
}
