TN:
SF:src/App.js
FN:11,App
FNF:1
FNH:1
FNDA:1,App
DA:9,2
DA:12,1
LF:2
LH:2
BRF:0
BRH:0
end_of_record
TN:
SF:src/BreweriesDetails.js
FN:14,(anonymous_0)
FN:21,(anonymous_1)
FNF:2
FNH:2
FNDA:1,(anonymous_0)
FNDA:17,(anonymous_1)
DA:15,1
DA:16,1
DA:22,17
LF:3
LH:3
BRDA:27,0,0,9
BRDA:27,0,1,8
BRDA:32,1,0,17
BRDA:32,1,1,5
BRF:4
BRH:4
end_of_record
TN:
SF:src/BreweriesHome.js
FN:17,(anonymous_0)
FN:22,(anonymous_1)
FN:40,(anonymous_2)
FN:51,(anonymous_3)
FN:59,(anonymous_4)
FNF:5
FNH:3
FNDA:6,(anonymous_0)
FNDA:3,(anonymous_1)
FNDA:3,(anonymous_2)
FNDA:0,(anonymous_3)
FNDA:0,(anonymous_4)
DA:18,6
DA:19,6
DA:20,6
DA:22,6
DA:23,3
DA:24,3
DA:25,3
DA:26,3
DA:27,0
DA:29,3
DA:30,3
DA:31,2
DA:32,0
DA:34,3
DA:36,3
DA:40,6
DA:41,3
DA:44,6
DA:52,0
DA:60,0
LF:20
LH:16
BRDA:26,0,0,0
BRDA:26,0,1,3
BRDA:68,1,0,3
BRDA:68,1,1,3
BRDA:70,2,0,3
BRDA:70,2,1,0
BRF:6
BRH:4
end_of_record
TN:
SF:src/CustomStyle.js
FNF:0
FNH:0
DA:3,4
LF:1
LH:1
BRF:0
BRH:0
end_of_record
TN:
SF:src/componants/BreweriesFlatList.js
FN:6,(anonymous_0)
FN:10,(anonymous_1)
FN:11,(anonymous_2)
FN:13,(anonymous_3)
FNF:4
FNH:3
FNDA:2,(anonymous_0)
FNDA:2,(anonymous_1)
FNDA:2,(anonymous_2)
FNDA:0,(anonymous_3)
DA:6,3
DA:7,2
DA:10,2
DA:12,2
DA:14,0
LF:5
LH:4
BRDA:21,0,0,2
BRDA:21,0,1,0
BRF:2
BRH:1
end_of_record
